0 info it worked if it ends with ok
1 verbose cli [ '/softwares/INFO/Module_ASI_2/nodejs/bin/node',
1 verbose cli   '/softwares/INFO/Module_ASI_2/nodejs/bin/npm',
1 verbose cli   'run',
1 verbose cli   'wds' ]
2 info using npm@2.11.3
3 info using node@v0.12.7
4 verbose run-script [ 'prewds', 'wds', 'postwds' ]
5 info prewds fct2@1.0.0
6 info wds fct2@1.0.0
7 verbose unsafe-perm in lifecycle true
8 info fct2@1.0.0 Failed to exec wds script
9 verbose stack Error: fct2@1.0.0 wds: `webpack-dev-server --progress`
9 verbose stack spawn ENOENT
9 verbose stack     at ChildProcess.<anonymous> (/softwares/INFO/Module_ASI_2/nodejs/lib/node_modules/npm/lib/utils/spawn.js:17:16)
9 verbose stack     at ChildProcess.emit (events.js:110:17)
9 verbose stack     at maybeClose (child_process.js:1015:16)
9 verbose stack     at Process.ChildProcess._handle.onexit (child_process.js:1087:5)
10 verbose pkgid fct2@1.0.0
11 verbose cwd /fs03/share/users/maxence.grosjean/home/projet-majeure/fct2/app
12 error Linux 3.13.0-117-generic
13 error argv "/softwares/INFO/Module_ASI_2/nodejs/bin/node" "/softwares/INFO/Module_ASI_2/nodejs/bin/npm" "run" "wds"
14 error node v0.12.7
15 error npm  v2.11.3
16 error file sh
17 error code ELIFECYCLE
18 error errno ENOENT
19 error syscall spawn
20 error fct2@1.0.0 wds: `webpack-dev-server --progress`
20 error spawn ENOENT
21 error Failed at the fct2@1.0.0 wds script 'webpack-dev-server --progress'.
21 error This is most likely a problem with the fct2 package,
21 error not with npm itself.
21 error Tell the author that this fails on your system:
21 error     webpack-dev-server --progress
21 error You can get their info via:
21 error     npm owner ls fct2
21 error There is likely additional logging output above.
22 verbose exit [ 1, true ]
